2026-05-22T14:44:32.228Z - Connecting to MongoDB...
2026-05-22T14:44:32.447Z - ERROR CONNECTING TO MONGO: querySrv ECONNREFUSED _mongodb._tcp.jabwemet.gy8x9wq.mongodb.net
2026-05-22T14:45:02.182Z - Connecting to MongoDB...
2026-05-22T14:45:04.144Z - MONGO Connected DB HOst: ac-epsm9bm-shard-00-00.gy8x9wq.mongodb.net
2026-05-22T14:45:04.152Z - LISTENIN ON PORT 8000
2026-05-22T14:49:47.791Z - Connecting to MongoDB...
2026-05-22T14:49:49.116Z - MONGO Connected DB HOst: ac-epsm9bm-shard-00-02.gy8x9wq.mongodb.net
2026-05-22T14:52:46.044Z - Connecting to MongoDB...
2026-05-22T14:52:47.590Z - MONGO Connected DB HOst: ac-epsm9bm-shard-00-02.gy8x9wq.mongodb.net
2026-05-22T14:52:47.599Z - LISTENIN ON PORT 8000
2026-05-22T14:53:24.548Z - Connecting to MongoDB...
2026-05-22T14:53:25.570Z - MONGO Connected DB HOst: ac-epsm9bm-shard-00-02.gy8x9wq.mongodb.net
2026-05-22T14:54:36.420Z - Connecting to MongoDB...
2026-05-22T14:54:37.725Z - MONGO Connected DB HOst: ac-epsm9bm-shard-00-01.gy8x9wq.mongodb.net
2026-05-22T14:54:37.734Z - LISTENIN ON PORT 8000
2026-05-22T14:55:01.061Z - Connecting to MongoDB...
2026-05-22T14:55:02.234Z - MONGO Connected DB HOst: ac-epsm9bm-shard-00-01.gy8x9wq.mongodb.net
2026-05-22T14:59:29.576Z - Connecting to MongoDB...
2026-05-22T14:59:30.901Z - MONGO Connected DB HOst: ac-epsm9bm-shard-00-00.gy8x9wq.mongodb.net
2026-05-22T14:59:30.914Z - LISTENIN ON PORT 8000
2026-05-22T15:41:22.487Z - Connecting to MongoDB...
2026-05-22T15:41:22.492Z - ERROR CONNECTING TO MONGO: The `uri` parameter to `openUri()` must be a string, got "undefined". Make sure the first parameter to `mongoose.connect()` or `mongoose.createConnection()` is a string.
2026-05-22T15:42:30.869Z - Connecting to MongoDB...
2026-05-22T15:42:32.296Z - MONGO Connected DB HOst: ac-epsm9bm-shard-00-01.gy8x9wq.mongodb.net
2026-05-22T15:42:32.316Z - LISTENIN ON PORT 8000
